Performing system checks...

November 07, 2019 - 08:48:43
Django version 2.2.7, using settings 'webserver.settings'
Starting development server at http://127.0.0.1:8000/
Quit the server with CONTROL-C.
Performing system checks...

November 07, 2019 - 08:51:57
Django version 2.2.7, using settings 'webserver.settings'
Starting development server at http://127.0.0.1:8000/
Quit the server with CONTROL-C.
Performing system checks...

November 07, 2019 - 08:55:21
Django version 2.2.7, using settings 'webserver.settings'
Starting development server at http://127.0.0.1:8000/
Quit the server with CONTROL-C.
Performing system checks...

November 07, 2019 - 09:04:40
Django version 2.2.7, using settings 'webserver.settings'
Starting development server at http://127.0.0.1:8000/
Quit the server with CONTROL-C.
